/home/l/KPXCDB/
# timestamp | duration | file | instruction | dir | modtime | etag | size | fileId | status | errorString | http result code | other size | other modtime | X-Request-ID
#=#=#=# Syncrun started 2024-11-12T22:56:15Z
#=#=#=#=# Propagation starts 2024-11-12T22:56:15Z (last step: 119 msec, total: 119 msec)
22:56:15||privat.kdbx|8|2|1731236330|81567538c4e1cf636e9ae8e2a0313493|177945|00028806oc9xtkca35zn|13||200|0|0|801cd472-79d6-4387-a542-9823a47ed140|
#=#=#=# Syncrun finished 2024-11-12T22:56:15Z (last step: 145 msec, total: 264 msec)
#=#=#=# Syncrun started 2024-11-12T22:56:16Z
#=#=#=#=# Propagation starts 2024-11-12T22:56:16Z (last step: 95 msec, total: 95 msec)
#=#=#=# Syncrun finished 2024-11-12T22:56:16Z (last step: 8 msec, total: 104 msec)
#=#=#=# Syncrun started 2024-11-12T22:57:44Z
#=#=#=#=# Propagation starts 2024-11-12T22:57:44Z (last step: 226 msec, total: 226 msec)
22:57:44||privat.kdbx|64|1|1731452262|164d0f766616bf38042d44e23cb64c1c|189029|00028806oc9xtkca35zn|13||204|177945|1731236330|e7923223-e24a-420e-b17d-2be7c5e7cfa9|
#=#=#=# Syncrun finished 2024-11-12T22:57:44Z (last step: 377 msec, total: 604 msec)
#=#=#=# Syncrun started 2024-11-12T22:57:46Z
#=#=#=#=# Propagation starts 2024-11-12T22:57:46Z (last step: 104 msec, total: 104 msec)
#=#=#=# Syncrun finished 2024-11-12T22:57:46Z (last step: 7 msec, total: 112 msec)
#=#=#=# Syncrun started 2024-11-12T23:02:06Z
#=#=#=#=# Propagation starts 2024-11-12T23:02:06Z (last step: 593 msec, total: 593 msec)
23:02:07||privat.kdbx|64|1|1731452524|e2a9df2f44df3f45cf3d7a55e05a74d1|189621|00028806oc9xtkca35zn|13||204|189029|1731452262|ed75164e-1a37-4d50-a466-50c6e6053eb1|
#=#=#=# Syncrun finished 2024-11-12T23:02:07Z (last step: 310 msec, total: 904 msec)
#=#=#=# Syncrun started 2024-11-12T23:02:08Z
#=#=#=#=# Propagation starts 2024-11-12T23:02:08Z (last step: 102 msec, total: 102 msec)
#=#=#=# Syncrun finished 2024-11-12T23:02:08Z (last step: 7 msec, total: 109 msec)
